2023-11-14 09:37:26,490 - INFO - Scheduler started
2023-11-14 09:37:26,580 - INFO - Added job "query_proxy" to job store "redis"
2023-11-14 09:37:26,581 - INFO - Running job "query_proxy (trigger: date[2023-11-14 01:37:26 UTC], next run at: 2023-11-14 01:37:26 UTC)" (scheduled at 2023-11-14 01:37:26.490928+00:00)
2023-11-14 09:37:26,584 - INFO - Removed job b0074837f9ac4af68c39966395508cea
2023-11-14 09:37:26,683 - INFO - [31m[1mWARNING: This is a development server. Do not use it in a production deployment. Use a production WSGI server instead.[0m
 * Running on all addresses (0.0.0.0)
 * Running on http://127.0.0.1:8888
 * Running on http://192.168.60.57:8888
2023-11-14 09:37:26,683 - INFO - [33mPress CTRL+C to quit[0m
2023-11-14 09:37:41,518 - INFO - å­˜å‚¨redisæˆåŠŸ
2023-11-14 09:38:40,946 - INFO - å­˜å‚¨redisæˆåŠŸ
2023-11-14 09:38:43,163 - INFO - å­˜å‚¨redisæˆåŠŸ
2023-11-14 09:38:46,541 - INFO - å­˜å‚¨redisæˆåŠŸ
2023-11-14 09:38:51,218 - INFO - å­˜å‚¨redisæˆåŠŸ
2023-11-14 09:39:12,924 - INFO - å­˜å‚¨redisæˆåŠŸ
2023-11-14 09:39:15,983 - INFO - å­˜å‚¨redisæˆåŠŸ
2023-11-14 09:39:17,727 - INFO - å­˜å‚¨redisæˆåŠŸ
2023-11-14 09:39:17,728 - INFO - Job "query_proxy (trigger: date[2023-11-14 01:37:26 UTC], next run at: 2023-11-14 01:37:26 UTC)" executed successfully
2023-11-14 11:28:02,828 - INFO - 192.168.60.57 - - [14/Nov/2023 11:28:02] "GET / HTTP/1.1" 200 -
2023-11-14 11:28:02,830 - INFO - 192.168.60.57 - - [14/Nov/2023 11:28:02] "GET / HTTP/1.1" 200 -
2023-11-14 11:28:02,911 - INFO - 192.168.60.57 - - [14/Nov/2023 11:28:02] "GET /favicon.ico HTTP/1.1" 200 -
2023-11-14 11:28:02,943 - INFO - 192.168.60.57 - - [14/Nov/2023 11:28:02] "GET /favicon.ico HTTP/1.1" 200 -
2023-11-14 11:28:14,703 - INFO - 192.168.60.57 - - [14/Nov/2023 11:28:14] "GET /proxy/verify/?id=https://www.rapid7.com/db/modules/post/linux HTTP/1.1" 200 -
2023-11-14 11:28:14,746 - INFO - 192.168.60.57 - - [14/Nov/2023 11:28:14] "GET /favicon.ico HTTP/1.1" 200 -
2023-11-14 11:29:04,417 - INFO - Added job "run_check" to job store "redis"
2023-11-14 11:29:04,418 - INFO - 192.168.60.57 - - [14/Nov/2023 11:29:04] "GET /proxy/verify/?url=https://www.security-database.com/detail.php?alert=CVE-2023-5544 HTTP/1.1" 200 -
2023-11-14 11:29:04,419 - INFO - Running job "run_check (trigger: date[2023-11-14 03:29:04 UTC], next run at: 2023-11-14 03:29:04 UTC)" (scheduled at 2023-11-14 03:29:04.417985+00:00)
2023-11-14 11:29:04,419 - INFO - Removed job d189e7fbba8540d9b3218c1383c312c7
2023-11-14 11:29:04,457 - INFO - 192.168.60.57 - - [14/Nov/2023 11:29:04] "GET /favicon.ico HTTP/1.1" 200 -
2023-11-14 11:29:04,775 - INFO - éœ€è¦éªŒè¯æ•°æ®é‡4967
2023-11-14 11:29:12,374 - INFO - å­˜å‚¨redisæˆåŠŸ
2023-11-14 11:29:18,010 - INFO - å­˜å‚¨redisæˆåŠŸ
2023-11-14 11:29:21,320 - INFO - å­˜å‚¨redisæˆåŠŸ
2023-11-14 11:29:27,472 - INFO - å­˜å‚¨redisæˆåŠŸ
2023-11-14 11:29:28,961 - INFO - å­˜å‚¨redisæˆåŠŸ
2023-11-14 11:29:31,725 - INFO - å­˜å‚¨redisæˆåŠŸ
2023-11-14 11:29:37,460 - INFO - å­˜å‚¨redisæˆåŠŸ
2023-11-14 11:29:45,095 - INFO - å­˜å‚¨redisæˆåŠŸ
2023-11-14 11:29:51,691 - INFO - å­˜å‚¨redisæˆåŠŸ
2023-11-14 11:30:06,010 - INFO - å­˜å‚¨redisæˆåŠŸ
2023-11-14 11:30:06,548 - INFO - å­˜å‚¨redisæˆåŠŸ
2023-11-14 11:30:06,651 - INFO - å­˜å‚¨redisæˆåŠŸ
2023-11-14 11:30:10,177 - INFO - å­˜å‚¨redisæˆåŠŸ
2023-11-14 11:30:13,533 - INFO - å­˜å‚¨redisæˆåŠŸ
2023-11-14 11:30:17,229 - INFO - 192.168.60.57 - - [14/Nov/2023 11:30:17] "GET /proxy/confirm/all/?url=https://www.security-database.com/detail.php?alert=CVE-2023-5544 HTTP/1.1" 200 -
2023-11-14 11:30:17,272 - INFO - 192.168.60.57 - - [14/Nov/2023 11:30:17] "GET /favicon.ico HTTP/1.1" 200 -
2023-11-14 11:30:25,542 - INFO - å­˜å‚¨redisæˆåŠŸ
2023-11-14 11:30:41,207 - INFO - å­˜å‚¨redisæˆåŠŸ
2023-11-14 11:30:54,563 - INFO - å­˜å‚¨redisæˆåŠŸ
2023-11-14 11:31:12,670 - INFO - å­˜å‚¨redisæˆåŠŸ
2023-11-14 11:31:34,972 - INFO - å­˜å‚¨redisæˆåŠŸ
2023-11-14 11:31:36,875 - INFO - å­˜å‚¨redisæˆåŠŸ
2023-11-14 11:31:52,315 - INFO - å­˜å‚¨redisæˆåŠŸ
2023-11-14 11:32:07,624 - INFO - 192.168.60.57 - - [14/Nov/2023 11:32:07] "GET /proxy/confirm/all/?url=https://www.security-database.com/detail.php?alert=CVE-2023-5544 HTTP/1.1" 200 -
2023-11-14 11:32:10,253 - INFO - å­˜å‚¨redisæˆåŠŸ
2023-11-14 11:32:11,768 - INFO - å­˜å‚¨redisæˆåŠŸ
2023-11-14 11:32:14,834 - INFO - 192.168.60.57 - - [14/Nov/2023 11:32:14] "GET /proxy/confirm/all/?url=https://www.security-database.com/detail.php?alert=CVE-2023-5544 HTTP/1.1" 200 -
2023-11-14 11:32:38,927 - INFO - å­˜å‚¨redisæˆåŠŸ
2023-11-14 11:32:42,785 - INFO - å­˜å‚¨redisæˆåŠŸ
2023-11-14 11:33:10,640 - INFO - å­˜å‚¨redisæˆåŠŸ
2023-11-14 11:33:16,443 - INFO - 192.168.60.57 - - [14/Nov/2023 11:33:16] "GET /proxy/confirm/all/?url=https://www.security-database.com/detail.php?alert=CVE-2023-5544 HTTP/1.1" 200 -
2023-11-14 11:33:24,958 - INFO - 192.168.60.57 - - [14/Nov/2023 11:33:24] "GET /proxy/confirm/all/?url=https://www.security-database.com/detail.php?alert=CVE-2023-5544 HTTP/1.1" 200 -
2023-11-14 11:33:41,996 - INFO - 192.168.60.57 - - [14/Nov/2023 11:33:41] "GET /proxy/confirm/all/?url=https://www.security-database.com/detail.php?alert=CVE-2023-5544 HTTP/1.1" 200 -
2023-11-14 11:34:10,408 - INFO - å­˜å‚¨redisæˆåŠŸ
2023-11-14 11:34:19,783 - INFO - å­˜å‚¨redisæˆåŠŸ
2023-11-14 11:34:23,114 - INFO - 192.168.60.57 - - [14/Nov/2023 11:34:23] "GET /proxy/confirm/all/?url=https://www.security-database.com/detail.php?alert=CVE-2023-5544 HTTP/1.1" 200 -
2023-11-14 11:34:24,384 - INFO - å­˜å‚¨redisæˆåŠŸ
2023-11-14 11:34:36,574 - INFO - å­˜å‚¨redisæˆåŠŸ
2023-11-14 11:34:38,135 - INFO - å­˜å‚¨redisæˆåŠŸ
2023-11-14 11:34:39,858 - INFO - å­˜å‚¨redisæˆåŠŸ
2023-11-14 11:34:48,005 - INFO - å­˜å‚¨redisæˆåŠŸ
2023-11-14 11:34:49,076 - INFO - å­˜å‚¨redisæˆåŠŸ
2023-11-14 11:34:50,674 - INFO - å­˜å‚¨redisæˆåŠŸ
2023-11-14 11:34:54,651 - INFO - å­˜å‚¨redisæˆåŠŸ
2023-11-14 11:34:55,480 - INFO - å­˜å‚¨redisæˆåŠŸ
2023-11-14 11:34:55,673 - INFO - å­˜å‚¨redisæˆåŠŸ
2023-11-14 11:35:12,516 - INFO - å­˜å‚¨redisæˆåŠŸ
2023-11-14 11:35:17,789 - INFO - å­˜å‚¨redisæˆåŠŸ
2023-11-14 11:35:36,628 - INFO - å­˜å‚¨redisæˆåŠŸ
2023-11-14 11:35:37,116 - INFO - å­˜å‚¨redisæˆåŠŸ
2023-11-14 11:35:43,801 - INFO - å­˜å‚¨redisæˆåŠŸ
2023-11-14 11:35:49,381 - INFO - å­˜å‚¨redisæˆåŠŸ
2023-11-14 11:35:58,799 - INFO - å­˜å‚¨redisæˆåŠŸ
2023-11-14 11:36:09,203 - INFO - 192.168.60.57 - - [14/Nov/2023 11:36:09] "GET /favicon.ico HTTP/1.1" 200 -
2023-11-14 11:36:32,169 - INFO - Added job "run_check" to job store "redis"
2023-11-14 11:36:32,169 - INFO - 192.168.60.57 - - [14/Nov/2023 11:36:32] "GET /proxy/verify/?url=https://www.rapid7.com/db/modules/exploit/windows/browser/ubisoft_uplay_cmd_exec/ HTTP/1.1" 200 -
2023-11-14 11:36:32,170 - INFO - Running job "run_check (trigger: date[2023-11-14 03:36:32 UTC], next run at: 2023-11-14 03:36:32 UTC)" (scheduled at 2023-11-14 03:36:32.168744+00:00)
2023-11-14 11:36:32,173 - INFO - Removed job 7ce23b4042e04a3c8bd42990ef482e6b
2023-11-14 11:36:32,220 - INFO - 192.168.60.57 - - [14/Nov/2023 11:36:32] "GET /favicon.ico HTTP/1.1" 200 -
2023-11-14 11:36:32,433 - INFO - éœ€è¦éªŒè¯æ•°æ®é‡4967
2023-11-14 11:36:33,590 - INFO - å­˜å‚¨redisæˆåŠŸ
2023-11-14 11:36:33,950 - INFO - å­˜å‚¨redisæˆåŠŸ
2023-11-14 11:36:37,269 - INFO - å­˜å‚¨redisæˆåŠŸ
2023-11-14 11:36:39,633 - INFO - å­˜å‚¨redisæˆåŠŸ
2023-11-14 11:36:41,680 - INFO - å­˜å‚¨redisæˆåŠŸ
2023-11-14 11:36:44,199 - INFO - å­˜å‚¨redisæˆåŠŸ
2023-11-14 11:36:45,063 - INFO - å­˜å‚¨redisæˆåŠŸ
2023-11-14 11:36:47,226 - INFO - å­˜å‚¨redisæˆåŠŸ
2023-11-14 11:36:48,745 - INFO - å­˜å‚¨redisæˆåŠŸ
2023-11-14 11:36:51,422 - INFO - å­˜å‚¨redisæˆåŠŸ
2023-11-14 11:37:03,566 - INFO - å­˜å‚¨redisæˆåŠŸ
2023-11-14 11:37:10,928 - INFO - å­˜å‚¨redisæˆåŠŸ
2023-11-14 11:37:13,371 - INFO - å­˜å‚¨redisæˆåŠŸ
2023-11-14 11:37:16,311 - INFO - å­˜å‚¨redisæˆåŠŸ
2023-11-14 11:37:16,375 - INFO - å­˜å‚¨redisæˆåŠŸ
2023-11-14 11:37:19,545 - INFO - å­˜å‚¨redisæˆåŠŸ
2023-11-14 11:37:20,026 - INFO - å­˜å‚¨redisæˆåŠŸ
2023-11-14 11:37:24,409 - INFO - å­˜å‚¨redisæˆåŠŸ
2023-11-14 11:37:26,817 - INFO - å­˜å‚¨redisæˆåŠŸ
2023-11-14 11:37:27,609 - INFO - å­˜å‚¨redisæˆåŠŸ
2023-11-14 11:37:36,941 - INFO - å­˜å‚¨redisæˆåŠŸ
2023-11-14 11:37:38,736 - INFO - å­˜å‚¨redisæˆåŠŸ
2023-11-14 11:37:42,074 - INFO - å­˜å‚¨redisæˆåŠŸ
2023-11-14 11:37:49,653 - INFO - å­˜å‚¨redisæˆåŠŸ
2023-11-14 11:37:55,035 - INFO - å­˜å‚¨redisæˆåŠŸ
2023-11-14 11:38:02,769 - INFO - å­˜å‚¨redisæˆåŠŸ
2023-11-14 11:38:04,884 - INFO - å­˜å‚¨redisæˆåŠŸ
2023-11-14 11:38:05,250 - INFO - å­˜å‚¨redisæˆåŠŸ
2023-11-14 11:38:08,330 - INFO - å­˜å‚¨redisæˆåŠŸ
2023-11-14 11:38:11,754 - INFO - å­˜å‚¨redisæˆåŠŸ
2023-11-14 11:38:13,047 - INFO - å­˜å‚¨redisæˆåŠŸ
2023-11-14 11:38:15,087 - INFO - å­˜å‚¨redisæˆåŠŸ
2023-11-14 11:38:16,993 - INFO - å­˜å‚¨redisæˆåŠŸ
2023-11-14 11:38:19,536 - INFO - å­˜å‚¨redisæˆåŠŸ
2023-11-14 11:38:24,582 - INFO - å­˜å‚¨redisæˆåŠŸ
2023-11-14 11:38:31,298 - INFO - å­˜å‚¨redisæˆåŠŸ
2023-11-14 11:38:38,479 - INFO - å­˜å‚¨redisæˆåŠŸ
2023-11-14 11:38:41,426 - INFO - å­˜å‚¨redisæˆåŠŸ
2023-11-14 11:38:47,311 - INFO - å­˜å‚¨redisæˆåŠŸ
2023-11-14 11:38:58,935 - INFO - å­˜å‚¨redisæˆåŠŸ
2023-11-14 11:39:03,837 - INFO - å­˜å‚¨redisæˆåŠŸ
2023-11-14 11:39:07,291 - INFO - å­˜å‚¨redisæˆåŠŸ
2023-11-14 11:39:09,205 - INFO - å­˜å‚¨redisæˆåŠŸ
2023-11-14 11:39:20,775 - INFO - å­˜å‚¨redisæˆåŠŸ
2023-11-14 11:39:27,794 - INFO - å­˜å‚¨redisæˆåŠŸ
2023-11-14 11:39:30,404 - INFO - å­˜å‚¨redisæˆåŠŸ
2023-11-14 11:39:32,620 - INFO - å­˜å‚¨redisæˆåŠŸ
2023-11-14 11:39:34,868 - INFO - å­˜å‚¨redisæˆåŠŸ
2023-11-14 11:39:35,166 - INFO - å­˜å‚¨redisæˆåŠŸ
2023-11-14 11:39:37,799 - INFO - å­˜å‚¨redisæˆåŠŸ
2023-11-14 11:39:38,186 - INFO - Added job "run_check" to job store "redis"
2023-11-14 11:39:38,186 - INFO - 192.168.60.57 - - [14/Nov/2023 11:39:38] "GET /proxy/verify/?url=https://www.rapid7.com/db/modules/exploit/windows/browser/ubisoft_uplay_cmd_exec/ HTTP/1.1" 200 -
2023-11-14 11:39:38,186 - INFO - Running job "run_check (trigger: date[2023-11-14 03:39:38 UTC], next run at: 2023-11-14 03:39:38 UTC)" (scheduled at 2023-11-14 03:39:38.185400+00:00)
2023-11-14 11:39:38,188 - INFO - Removed job dd00c667d28147c09343e0ffc3692980
2023-11-14 11:39:38,439 - INFO - éœ€è¦éªŒè¯æ•°æ®é‡4967
2023-11-14 11:39:39,906 - INFO - å­˜å‚¨redisæˆåŠŸ
2023-11-14 11:39:40,640 - INFO - å­˜å‚¨redisæˆåŠŸ
2023-11-14 11:39:43,997 - INFO - å­˜å‚¨redisæˆåŠŸ
2023-11-14 11:39:45,167 - INFO - å­˜å‚¨redisæˆåŠŸ
2023-11-14 11:39:45,690 - INFO - å­˜å‚¨redisæˆåŠŸ
2023-11-14 11:39:47,072 - INFO - å­˜å‚¨redisæˆåŠŸ
2023-11-14 11:39:48,079 - INFO - å­˜å‚¨redisæˆåŠŸ
2023-11-14 11:39:48,714 - INFO - å­˜å‚¨redisæˆåŠŸ
2023-11-14 11:39:56,040 - INFO - å­˜å‚¨redisæˆåŠŸ
2023-11-14 11:40:03,781 - INFO - å­˜å‚¨redisæˆåŠŸ
2023-11-14 11:40:05,939 - INFO - å­˜å‚¨redisæˆåŠŸ
2023-11-14 11:40:06,292 - INFO - å­˜å‚¨redisæˆåŠŸ
2023-11-14 11:40:09,741 - INFO - å­˜å‚¨redisæˆåŠŸ
2023-11-14 11:40:11,723 - INFO - Added job "run_check" to job store "redis"
2023-11-14 11:40:11,723 - INFO - 192.168.60.57 - - [14/Nov/2023 11:40:11] "GET /proxy/verify/?url=https://www.rapid7.com/db/modules/exploit/windows/browser/ubisoft_uplay_cmd_exec/ HTTP/1.1" 200 -
2023-11-14 11:40:11,724 - INFO - Running job "run_check (trigger: date[2023-11-14 03:40:11 UTC], next run at: 2023-11-14 03:40:11 UTC)" (scheduled at 2023-11-14 03:40:11.722194+00:00)
2023-11-14 11:40:11,726 - INFO - Removed job c48ff48ccc874f6eb4241730e00caec1
2023-11-14 11:40:11,981 - INFO - éœ€è¦éªŒè¯æ•°æ®é‡4967
2023-11-14 11:40:17,646 - INFO - å­˜å‚¨redisæˆåŠŸ
2023-11-14 11:40:18,748 - INFO - å­˜å‚¨redisæˆåŠŸ
2023-11-14 11:40:19,925 - INFO - å­˜å‚¨redisæˆåŠŸ
2023-11-14 11:40:21,787 - INFO - å­˜å‚¨redisæˆåŠŸ
2023-11-14 11:40:22,334 - INFO - å­˜å‚¨redisæˆåŠŸ
2023-11-14 11:40:23,067 - INFO - å­˜å‚¨redisæˆåŠŸ
2023-11-14 11:40:24,945 - INFO - å­˜å‚¨redisæˆåŠŸ
2023-11-14 11:40:24,969 - INFO - å­˜å‚¨redisæˆåŠŸ
2023-11-14 11:40:30,531 - INFO - å­˜å‚¨redisæˆåŠŸ
2023-11-14 11:40:31,086 - INFO - å­˜å‚¨redisæˆåŠŸ
2023-11-14 11:40:35,779 - INFO - å­˜å‚¨redisæˆåŠŸ
2023-11-14 11:40:36,888 - INFO - å­˜å‚¨redisæˆåŠŸ
2023-11-14 11:40:38,688 - INFO - å­˜å‚¨redisæˆåŠŸ
2023-11-14 11:40:39,202 - INFO - å­˜å‚¨redisæˆåŠŸ
2023-11-14 11:40:42,446 - INFO - å­˜å‚¨redisæˆåŠŸ
2023-11-14 11:40:43,906 - INFO - å­˜å‚¨redisæˆåŠŸ
2023-11-14 11:40:45,084 - INFO - å­˜å‚¨redisæˆåŠŸ
2023-11-14 11:40:57,820 - INFO - å­˜å‚¨redisæˆåŠŸ
2023-11-14 11:40:58,403 - INFO - å­˜å‚¨redisæˆåŠŸ
2023-11-14 11:41:09,368 - INFO - å­˜å‚¨redisæˆåŠŸ
2023-11-14 11:41:09,874 - INFO - å­˜å‚¨redisæˆåŠŸ
2023-11-14 11:41:11,082 - INFO - å­˜å‚¨redisæˆåŠŸ
2023-11-14 11:41:11,290 - INFO - å­˜å‚¨redisæˆåŠŸ
2023-11-14 11:41:12,980 - INFO - å­˜å‚¨redisæˆåŠŸ
2023-11-14 11:41:13,692 - INFO - å­˜å‚¨redisæˆåŠŸ
2023-11-14 11:41:13,789 - INFO - å­˜å‚¨redisæˆåŠŸ
2023-11-14 11:41:18,012 - INFO - å­˜å‚¨redisæˆåŠŸ
2023-11-14 11:41:19,042 - INFO - å­˜å‚¨redisæˆåŠŸ
2023-11-14 11:41:19,194 - INFO - å­˜å‚¨redisæˆåŠŸ
2023-11-14 11:41:20,259 - INFO - å­˜å‚¨redisæˆåŠŸ
2023-11-14 11:41:21,622 - INFO - å­˜å‚¨redisæˆåŠŸ
2023-11-14 11:41:22,278 - INFO - å­˜å‚¨redisæˆåŠŸ
2023-11-14 11:41:24,563 - INFO - å­˜å‚¨redisæˆåŠŸ
2023-11-14 11:41:26,790 - INFO - å­˜å‚¨redisæˆåŠŸ
2023-11-14 11:41:27,329 - INFO - å­˜å‚¨redisæˆåŠŸ
2023-11-14 11:41:27,382 - INFO - å­˜å‚¨redisæˆåŠŸ
2023-11-14 11:41:27,666 - INFO - å­˜å‚¨redisæˆåŠŸ
2023-11-14 11:41:28,587 - INFO - å­˜å‚¨redisæˆåŠŸ
2023-11-14 11:41:30,417 - INFO - 192.168.60.57 - - [14/Nov/2023 11:41:30] "GET /proxy/confirm/all/?url=https://www.rapid7.com/db/modules/exploit/windows/browser/ubisoft_uplay_cmd_exec/ HTTP/1.1" 200 -
2023-11-14 11:41:32,547 - INFO - å­˜å‚¨redisæˆåŠŸ
2023-11-14 11:41:33,959 - INFO - å­˜å‚¨redisæˆåŠŸ
2023-11-14 11:41:34,929 - INFO - å­˜å‚¨redisæˆåŠŸ
2023-11-14 11:41:44,613 - INFO - å­˜å‚¨redisæˆåŠŸ
2023-11-14 11:41:46,554 - INFO - å­˜å‚¨redisæˆåŠŸ
2023-11-14 11:41:47,756 - INFO - å­˜å‚¨redisæˆåŠŸ
2023-11-14 11:41:49,087 - INFO - å­˜å‚¨redisæˆåŠŸ
2023-11-14 11:41:49,515 - INFO - å­˜å‚¨redisæˆåŠŸ
2023-11-14 11:41:53,994 - INFO - å­˜å‚¨redisæˆåŠŸ
2023-11-14 11:41:59,184 - INFO - å­˜å‚¨redisæˆåŠŸ
2023-11-14 11:42:02,902 - INFO - å­˜å‚¨redisæˆåŠŸ
2023-11-14 11:42:03,318 - INFO - å­˜å‚¨redisæˆåŠŸ
2023-11-14 11:42:08,182 - INFO - å­˜å‚¨redisæˆåŠŸ
2023-11-14 11:42:08,193 - INFO - å­˜å‚¨redisæˆåŠŸ
2023-11-14 11:42:11,076 - INFO - å­˜å‚¨redisæˆåŠŸ
2023-11-14 11:42:13,105 - INFO - å­˜å‚¨redisæˆåŠŸ
2023-11-14 11:42:14,873 - INFO - å­˜å‚¨redisæˆåŠŸ
2023-11-14 11:42:18,050 - INFO - å­˜å‚¨redisæˆåŠŸ
2023-11-14 11:42:19,741 - INFO - å­˜å‚¨redisæˆåŠŸ
2023-11-14 11:42:21,793 - INFO - å­˜å‚¨redisæˆåŠŸ
2023-11-14 11:42:26,106 - INFO - å­˜å‚¨redisæˆåŠŸ
2023-11-14 11:42:31,070 - INFO - å­˜å‚¨redisæˆåŠŸ
2023-11-14 11:42:31,665 - INFO - å­˜å‚¨redisæˆåŠŸ
2023-11-14 11:42:34,119 - INFO - å­˜å‚¨redisæˆåŠŸ
2023-11-14 11:42:35,710 - INFO - å­˜å‚¨redisæˆåŠŸ
2023-11-14 11:42:39,932 - INFO - å­˜å‚¨redisæˆåŠŸ
2023-11-14 11:42:40,049 - INFO - å­˜å‚¨redisæˆåŠŸ
2023-11-14 11:42:40,104 - INFO - å­˜å‚¨redisæˆåŠŸ
2023-11-14 11:42:41,219 - INFO - å­˜å‚¨redisæˆåŠŸ
2023-11-14 11:42:42,746 - INFO - å­˜å‚¨redisæˆåŠŸ
2023-11-14 11:42:43,523 - INFO - å­˜å‚¨redisæˆåŠŸ
2023-11-14 11:42:45,389 - INFO - å­˜å‚¨redisæˆåŠŸ
2023-11-14 11:42:45,976 - INFO - å­˜å‚¨redisæˆåŠŸ
2023-11-14 11:42:46,728 - INFO - å­˜å‚¨redisæˆåŠŸ
2023-11-14 11:42:47,364 - INFO - å­˜å‚¨redisæˆåŠŸ
2023-11-14 11:42:48,823 - INFO - å­˜å‚¨redisæˆåŠŸ
2023-11-14 11:42:49,823 - INFO - å­˜å‚¨redisæˆåŠŸ
2023-11-14 11:42:54,187 - INFO - å­˜å‚¨redisæˆåŠŸ
2023-11-14 11:42:55,457 - INFO - å­˜å‚¨redisæˆåŠŸ
2023-11-14 11:42:59,311 - INFO - å­˜å‚¨redisæˆåŠŸ
2023-11-14 11:43:01,293 - INFO - å­˜å‚¨redisæˆåŠŸ
2023-11-14 11:43:02,238 - INFO - å­˜å‚¨redisæˆåŠŸ
2023-11-14 11:43:03,904 - INFO - å­˜å‚¨redisæˆåŠŸ
2023-11-14 11:43:04,872 - INFO - å­˜å‚¨redisæˆåŠŸ
2023-11-14 11:43:04,883 - INFO - å­˜å‚¨redisæˆåŠŸ
2023-11-14 11:43:05,002 - INFO - å­˜å‚¨redisæˆåŠŸ
2023-11-14 11:43:06,983 - INFO - å­˜å‚¨redisæˆåŠŸ
2023-11-14 11:43:10,335 - INFO - å­˜å‚¨redisæˆåŠŸ
2023-11-14 11:43:22,923 - INFO - å­˜å‚¨redisæˆåŠŸ
2023-11-14 11:43:28,695 - INFO - å­˜å‚¨redisæˆåŠŸ
2023-11-14 11:43:32,233 - INFO - å­˜å‚¨redisæˆåŠŸ
2023-11-14 11:43:35,132 - INFO - å­˜å‚¨redisæˆåŠŸ
2023-11-14 11:43:37,033 - INFO - å­˜å‚¨redisæˆåŠŸ
2023-11-14 11:43:38,569 - INFO - å­˜å‚¨redisæˆåŠŸ
2023-11-14 11:43:40,840 - ERROR - Certificate did not match expected hostname: www.rapid7.com. Certificate: {'subject': ((('commonName', 'agileverse.io'),),), 'issuer': ((('countryName', 'US'),), (('organizationName', "Let's Encrypt"),), (('commonName', 'R3'),)), 'version': 3, 'serialNumber': '0498A4632F7B1661A34D970A6FB0B19BB3EF', 'notBefore': 'Oct 14 08:34:09 2023 GMT', 'notAfter': 'Jan 12 08:34:08 2024 GMT', 'subjectAltName': (('DNS', 'agileverse.io'), ('DNS', 'www.agileverse.io')), 'OCSP': ('http://r3.o.lencr.org',), 'caIssuers': ('http://r3.i.lencr.org/',)}
2023-11-14 11:43:41,721 - INFO - å­˜å‚¨redisæˆåŠŸ
2023-11-14 11:43:43,328 - INFO - å­˜å‚¨redisæˆåŠŸ
2023-11-14 11:43:44,184 - INFO - å­˜å‚¨redisæˆåŠŸ
2023-11-14 11:43:45,546 - INFO - å­˜å‚¨redisæˆåŠŸ
2023-11-14 11:43:46,341 - INFO - å­˜å‚¨redisæˆåŠŸ
2023-11-14 11:43:51,037 - INFO - å­˜å‚¨redisæˆåŠŸ
2023-11-14 11:43:51,926 - INFO - å­˜å‚¨redisæˆåŠŸ
2023-11-14 11:43:52,651 - INFO - å­˜å‚¨redisæˆåŠŸ
2023-11-14 11:43:56,929 - INFO - å­˜å‚¨redisæˆåŠŸ
2023-11-14 11:43:57,217 - INFO - å­˜å‚¨redisæˆåŠŸ
2023-11-14 11:44:14,598 - INFO - å­˜å‚¨redisæˆåŠŸ
2023-11-14 11:44:23,608 - INFO - å­˜å‚¨redisæˆåŠŸ
2023-11-14 11:44:23,982 - INFO - å­˜å‚¨redisæˆåŠŸ
2023-11-14 11:44:24,889 - INFO - å­˜å‚¨redisæˆåŠŸ
2023-11-14 11:44:25,191 - INFO - å­˜å‚¨redisæˆåŠŸ
2023-11-14 11:44:26,354 - INFO - å­˜å‚¨redisæˆåŠŸ
2023-11-14 11:44:27,230 - INFO - å­˜å‚¨redisæˆåŠŸ
2023-11-14 11:44:27,751 - INFO - å­˜å‚¨redisæˆåŠŸ
2023-11-14 11:44:29,130 - INFO - å­˜å‚¨redisæˆåŠŸ
2023-11-14 11:44:29,713 - INFO - å­˜å‚¨redisæˆåŠŸ
2023-11-14 11:44:38,093 - INFO - å­˜å‚¨redisæˆåŠŸ
2023-11-14 11:44:40,299 - INFO - å­˜å‚¨redisæˆåŠŸ
2023-11-14 11:44:41,152 - INFO - å­˜å‚¨redisæˆåŠŸ
2023-11-14 11:44:41,405 - INFO - å­˜å‚¨redisæˆåŠŸ
2023-11-14 11:44:42,281 - INFO - å­˜å‚¨redisæˆåŠŸ
2023-11-14 11:44:42,317 - INFO - å­˜å‚¨redisæˆåŠŸ
2023-11-14 11:44:55,894 - INFO - å­˜å‚¨redisæˆåŠŸ
2023-11-14 11:45:03,755 - INFO - å­˜å‚¨redisæˆåŠŸ
2023-11-14 11:45:08,866 - INFO - å­˜å‚¨redisæˆåŠŸ
2023-11-14 11:45:14,802 - INFO - å­˜å‚¨redisæˆåŠŸ
2023-11-14 11:45:18,187 - INFO - å­˜å‚¨redisæˆåŠŸ
2023-11-14 11:45:20,061 - INFO - å­˜å‚¨redisæˆåŠŸ
2023-11-14 11:45:20,575 - INFO - å­˜å‚¨redisæˆåŠŸ
2023-11-14 11:45:22,763 - INFO - å­˜å‚¨redisæˆåŠŸ
2023-11-14 11:45:24,146 - INFO - å­˜å‚¨redisæˆåŠŸ
2023-11-14 11:45:26,882 - INFO - å­˜å‚¨redisæˆåŠŸ
2023-11-14 11:45:27,683 - INFO - å­˜å‚¨redisæˆåŠŸ
2023-11-14 11:45:30,038 - INFO - å­˜å‚¨redisæˆåŠŸ
2023-11-14 11:45:32,292 - INFO - å­˜å‚¨redisæˆåŠŸ
2023-11-14 11:45:33,321 - INFO - å­˜å‚¨redisæˆåŠŸ
2023-11-14 11:45:34,031 - INFO - å­˜å‚¨redisæˆåŠŸ
2023-11-14 11:45:34,430 - INFO - å­˜å‚¨redisæˆåŠŸ
2023-11-14 11:45:35,680 - INFO - å­˜å‚¨redisæˆåŠŸ
2023-11-14 11:45:36,003 - INFO - å­˜å‚¨redisæˆåŠŸ
2023-11-14 11:45:37,473 - INFO - å­˜å‚¨redisæˆåŠŸ
2023-11-14 11:45:38,369 - INFO - å­˜å‚¨redisæˆåŠŸ
2023-11-14 11:45:43,606 - INFO - å­˜å‚¨redisæˆåŠŸ
2023-11-14 11:45:44,379 - INFO - å­˜å‚¨redisæˆåŠŸ
2023-11-14 11:45:44,816 - INFO - å­˜å‚¨redisæˆåŠŸ
2023-11-14 11:45:44,854 - INFO - å­˜å‚¨redisæˆåŠŸ
2023-11-14 11:46:03,753 - INFO - å­˜å‚¨redisæˆåŠŸ
2023-11-14 11:46:06,738 - INFO - å­˜å‚¨redisæˆåŠŸ
2023-11-14 11:46:08,663 - INFO - å­˜å‚¨redisæˆåŠŸ
2023-11-14 11:46:09,567 - INFO - å­˜å‚¨redisæˆåŠŸ
2023-11-14 11:46:10,171 - INFO - å­˜å‚¨redisæˆåŠŸ
2023-11-14 11:46:10,434 - INFO - å­˜å‚¨redisæˆåŠŸ
2023-11-14 11:46:11,842 - INFO - å­˜å‚¨redisæˆåŠŸ
2023-11-14 11:46:12,793 - INFO - å­˜å‚¨redisæˆåŠŸ
2023-11-14 11:46:13,376 - INFO - å­˜å‚¨redisæˆåŠŸ
2023-11-14 11:46:14,187 - INFO - å­˜å‚¨redisæˆåŠŸ
2023-11-14 11:46:16,557 - INFO - å­˜å‚¨redisæˆåŠŸ
2023-11-14 11:46:29,907 - INFO - å­˜å‚¨redisæˆåŠŸ
2023-11-14 11:46:30,653 - INFO - å­˜å‚¨redisæˆåŠŸ
2023-11-14 11:46:34,054 - INFO - å­˜å‚¨redisæˆåŠŸ
2023-11-14 11:46:35,002 - INFO - å­˜å‚¨redisæˆåŠŸ
2023-11-14 11:46:36,476 - INFO - å­˜å‚¨redisæˆåŠŸ
2023-11-14 11:46:38,493 - INFO - å­˜å‚¨redisæˆåŠŸ
2023-11-14 11:46:40,473 - INFO - å­˜å‚¨redisæˆåŠŸ
2023-11-14 11:46:41,101 - INFO - å­˜å‚¨redisæˆåŠŸ
2023-11-14 11:46:45,683 - INFO - å­˜å‚¨redisæˆåŠŸ
2023-11-14 11:46:46,361 - INFO - å­˜å‚¨redisæˆåŠŸ
2023-11-14 11:46:50,440 - INFO - å­˜å‚¨redisæˆåŠŸ
2023-11-14 11:46:54,180 - INFO - å­˜å‚¨redisæˆåŠŸ
2023-11-14 11:46:57,073 - INFO - å­˜å‚¨redisæˆåŠŸ
2023-11-14 11:46:58,010 - INFO - å­˜å‚¨redisæˆåŠŸ
2023-11-14 11:47:04,614 - INFO - å­˜å‚¨redisæˆåŠŸ
2023-11-14 11:47:06,953 - INFO - å­˜å‚¨redisæˆåŠŸ
2023-11-14 11:47:07,246 - INFO - å­˜å‚¨redisæˆåŠŸ
2023-11-14 11:47:13,703 - INFO - å­˜å‚¨redisæˆåŠŸ
2023-11-14 11:47:17,162 - INFO - å­˜å‚¨redisæˆåŠŸ
2023-11-14 11:47:24,078 - INFO - å­˜å‚¨redisæˆåŠŸ
2023-11-14 11:47:33,191 - INFO - å­˜å‚¨redisæˆåŠŸ
2023-11-14 11:47:36,254 - INFO - å­˜å‚¨redisæˆåŠŸ
2023-11-14 11:47:44,077 - INFO - å­˜å‚¨redisæˆåŠŸ
2023-11-14 11:47:46,013 - INFO - å­˜å‚¨redisæˆåŠŸ
2023-11-14 11:47:48,318 - INFO - å­˜å‚¨redisæˆåŠŸ
2023-11-14 11:47:48,939 - INFO - å­˜å‚¨redisæˆåŠŸ
2023-11-14 11:47:50,129 - INFO - å­˜å‚¨redisæˆåŠŸ
2023-11-14 11:47:50,875 - INFO - å­˜å‚¨redisæˆåŠŸ
2023-11-14 11:47:52,402 - INFO - å­˜å‚¨redisæˆåŠŸ
2023-11-14 11:47:53,256 - INFO - å­˜å‚¨redisæˆåŠŸ
2023-11-14 11:47:54,292 - INFO - å­˜å‚¨redisæˆåŠŸ
2023-11-14 11:47:54,932 - INFO - å­˜å‚¨redisæˆåŠŸ
2023-11-14 11:48:00,723 - INFO - å­˜å‚¨redisæˆåŠŸ
2023-11-14 11:48:02,800 - INFO - å­˜å‚¨redisæˆåŠŸ
2023-11-14 11:48:05,638 - INFO - å­˜å‚¨redisæˆåŠŸ
2023-11-14 11:48:06,394 - INFO - å­˜å‚¨redisæˆåŠŸ
2023-11-14 11:48:07,000 - INFO - å­˜å‚¨redisæˆåŠŸ
2023-11-14 11:48:07,200 - INFO - å­˜å‚¨redisæˆåŠŸ
2023-11-14 11:48:07,841 - INFO - å­˜å‚¨redisæˆåŠŸ
2023-11-14 11:48:09,254 - INFO - å­˜å‚¨redisæˆåŠŸ
2023-11-14 11:48:10,831 - INFO - å­˜å‚¨redisæˆåŠŸ
2023-11-14 11:48:12,814 - INFO - å­˜å‚¨redisæˆåŠŸ
2023-11-14 11:48:13,651 - INFO - å­˜å‚¨redisæˆåŠŸ
2023-11-14 11:48:16,587 - INFO - å­˜å‚¨redisæˆåŠŸ
2023-11-14 11:48:19,282 - INFO - å­˜å‚¨redisæˆåŠŸ
2023-11-14 11:48:19,854 - INFO - å­˜å‚¨redisæˆåŠŸ
2023-11-14 11:48:21,026 - INFO - å­˜å‚¨redisæˆåŠŸ
2023-11-14 11:48:21,348 - INFO - å­˜å‚¨redisæˆåŠŸ
2023-11-14 11:48:25,390 - INFO - å­˜å‚¨redisæˆåŠŸ
2023-11-14 11:48:26,433 - INFO - å­˜å‚¨redisæˆåŠŸ
2023-11-14 11:48:27,414 - INFO - å­˜å‚¨redisæˆåŠŸ
2023-11-14 11:48:31,283 - INFO - å­˜å‚¨redisæˆåŠŸ
2023-11-14 11:48:36,574 - INFO - å­˜å‚¨redisæˆåŠŸ
2023-11-14 11:48:38,839 - INFO - å­˜å‚¨redisæˆåŠŸ
2023-11-14 11:48:39,101 - INFO - å­˜å‚¨redisæˆåŠŸ
2023-11-14 11:48:42,967 - INFO - å­˜å‚¨redisæˆåŠŸ
2023-11-14 11:48:43,306 - INFO - å­˜å‚¨redisæˆåŠŸ
2023-11-14 11:48:48,281 - INFO - å­˜å‚¨redisæˆåŠŸ
2023-11-14 11:48:54,157 - INFO - å­˜å‚¨redisæˆåŠŸ
2023-11-14 11:49:02,497 - INFO - å­˜å‚¨redisæˆåŠŸ
2023-11-14 11:49:04,856 - INFO - å­˜å‚¨redisæˆåŠŸ
2023-11-14 11:49:06,542 - INFO - å­˜å‚¨redisæˆåŠŸ
2023-11-14 11:49:10,698 - INFO - å­˜å‚¨redisæˆåŠŸ
2023-11-14 11:49:10,988 - INFO - å­˜å‚¨redisæˆåŠŸ
2023-11-14 11:49:15,290 - INFO - å­˜å‚¨redisæˆåŠŸ
2023-11-14 11:49:18,531 - INFO - å­˜å‚¨redisæˆåŠŸ
2023-11-14 11:49:21,883 - INFO - å­˜å‚¨redisæˆåŠŸ
2023-11-14 11:49:21,919 - INFO - å­˜å‚¨redisæˆåŠŸ
2023-11-14 11:49:22,723 - INFO - å­˜å‚¨redisæˆåŠŸ
2023-11-14 11:49:26,227 - INFO - å­˜å‚¨redisæˆåŠŸ
2023-11-14 11:49:26,393 - INFO - å­˜å‚¨redisæˆåŠŸ
2023-11-14 11:49:28,839 - INFO - å­˜å‚¨redisæˆåŠŸ
2023-11-14 11:49:29,543 - INFO - å­˜å‚¨redisæˆåŠŸ
2023-11-14 11:49:35,736 - INFO - å­˜å‚¨redisæˆåŠŸ
2023-11-14 11:49:37,700 - INFO - å­˜å‚¨redisæˆåŠŸ
2023-11-14 11:49:43,712 - INFO - å­˜å‚¨redisæˆåŠŸ
2023-11-14 11:49:45,154 - INFO - å­˜å‚¨redisæˆåŠŸ
2023-11-14 11:49:48,719 - INFO - å­˜å‚¨redisæˆåŠŸ
2023-11-14 11:49:49,260 - INFO - å­˜å‚¨redisæˆåŠŸ
2023-11-14 11:49:50,735 - INFO - å­˜å‚¨redisæˆåŠŸ
2023-11-14 11:49:51,036 - INFO - å­˜å‚¨redisæˆåŠŸ
2023-11-14 11:49:51,275 - INFO - å­˜å‚¨redisæˆåŠŸ
2023-11-14 11:49:51,548 - INFO - å­˜å‚¨redisæˆåŠŸ
2023-11-14 11:49:51,611 - INFO - å­˜å‚¨redisæˆåŠŸ
2023-11-14 11:49:53,981 - INFO - å­˜å‚¨redisæˆåŠŸ
2023-11-14 11:49:56,793 - INFO - å­˜å‚¨redisæˆåŠŸ
2023-11-14 11:49:57,500 - INFO - å­˜å‚¨redisæˆåŠŸ
2023-11-14 11:50:00,798 - INFO - å­˜å‚¨redisæˆåŠŸ
2023-11-14 11:50:01,407 - INFO - å­˜å‚¨redisæˆåŠŸ
2023-11-14 11:50:07,482 - INFO - å­˜å‚¨redisæˆåŠŸ
2023-11-14 11:50:10,318 - INFO - å­˜å‚¨redisæˆåŠŸ
2023-11-14 11:50:13,107 - INFO - å­˜å‚¨redisæˆåŠŸ
2023-11-14 11:50:22,593 - INFO - å­˜å‚¨redisæˆåŠŸ
2023-11-14 11:50:27,039 - INFO - å­˜å‚¨redisæˆåŠŸ
2023-11-14 11:50:30,538 - INFO - å­˜å‚¨redisæˆåŠŸ
2023-11-14 11:50:37,156 - INFO - å­˜å‚¨redisæˆåŠŸ
2023-11-14 11:50:39,050 - INFO - 192.168.60.57 - - [14/Nov/2023 11:50:39] "GET /proxy/confirm/all/?url=https://www.rapid7.com/db/modules/exploit/windows/browser/ubisoft_uplay_cmd_exec/ HTTP/1.1" 200 -
2023-11-14 11:50:43,618 - INFO - å­˜å‚¨redisæˆåŠŸ
2023-11-14 11:50:48,836 - INFO - å­˜å‚¨redisæˆåŠŸ
2023-11-14 11:50:51,399 - INFO - å­˜å‚¨redisæˆåŠŸ
2023-11-14 11:50:52,923 - INFO - å­˜å‚¨redisæˆåŠŸ
2023-11-14 11:51:02,423 - INFO - å­˜å‚¨redisæˆåŠŸ
2023-11-14 11:51:05,676 - INFO - å­˜å‚¨redisæˆåŠŸ
2023-11-14 11:51:09,817 - INFO - å­˜å‚¨redisæˆåŠŸ
2023-11-14 11:51:15,102 - INFO - å­˜å‚¨redisæˆåŠŸ
2023-11-14 11:51:16,200 - INFO - å­˜å‚¨redisæˆåŠŸ
2023-11-14 11:51:17,722 - INFO - 192.168.60.57 - - [14/Nov/2023 11:51:17] "GET /proxy/confirm/all/?url=https://www.rapid7.com/db/modules/exploit/windows/browser/ubisoft_uplay_cmd_exec/ HTTP/1.1" 200 -
2023-11-14 11:51:21,121 - INFO - å­˜å‚¨redisæˆåŠŸ
2023-11-14 11:51:21,226 - INFO - å­˜å‚¨redisæˆåŠŸ
2023-11-14 11:51:32,020 - INFO - å­˜å‚¨redisæˆåŠŸ
2023-11-14 11:51:41,120 - INFO - å­˜å‚¨redisæˆåŠŸ
2023-11-14 11:51:43,331 - INFO - 192.168.60.57 - - [14/Nov/2023 11:51:43] "GET /proxy/confirm/all/?url=https://www.rapid7.com/db/modules/exploit/windows/browser/ubisoft_uplay_cmd_exec/ HTTP/1.1" 200 -
2023-11-14 11:51:45,425 - INFO - å­˜å‚¨redisæˆåŠŸ
2023-11-14 11:51:57,190 - INFO - å­˜å‚¨redisæˆåŠŸ
2023-11-14 11:51:57,979 - INFO - å­˜å‚¨redisæˆåŠŸ
2023-11-14 11:51:58,772 - INFO - å­˜å‚¨redisæˆåŠŸ
2023-11-14 11:52:00,002 - INFO - å­˜å‚¨redisæˆåŠŸ
2023-11-14 11:52:01,092 - INFO - å­˜å‚¨redisæˆåŠŸ
2023-11-14 11:52:04,979 - INFO - å­˜å‚¨redisæˆåŠŸ
2023-11-14 11:52:07,786 - INFO - å­˜å‚¨redisæˆåŠŸ
2023-11-14 11:52:09,428 - INFO - å­˜å‚¨redisæˆåŠŸ
2023-11-14 11:52:11,653 - INFO - å­˜å‚¨redisæˆåŠŸ
2023-11-14 11:52:15,557 - INFO - å­˜å‚¨redisæˆåŠŸ
2023-11-14 11:52:16,896 - INFO - å­˜å‚¨redisæˆåŠŸ
2023-11-14 11:52:22,154 - INFO - 192.168.60.57 - - [14/Nov/2023 11:52:22] "GET /proxy/confirm/all/?url=https://www.rapid7.com/db/modules/exploit/windows/browser/ubisoft_uplay_cmd_exec/ HTTP/1.1" 200 -
2023-11-14 11:52:24,559 - INFO - å­˜å‚¨redisæˆåŠŸ
2023-11-14 11:52:28,363 - INFO - å­˜å‚¨redisæˆåŠŸ
2023-11-14 11:52:29,566 - INFO - å­˜å‚¨redisæˆåŠŸ
2023-11-14 11:52:30,856 - INFO - å­˜å‚¨redisæˆåŠŸ
2023-11-14 11:52:35,698 - INFO - å­˜å‚¨redisæˆåŠŸ
2023-11-14 11:52:36,337 - INFO - å­˜å‚¨redisæˆåŠŸ
2023-11-14 11:52:38,232 - INFO - å­˜å‚¨redisæˆåŠŸ
2023-11-14 11:52:38,510 - INFO - å­˜å‚¨redisæˆåŠŸ
2023-11-14 11:52:44,041 - INFO - å­˜å‚¨redisæˆåŠŸ
2023-11-14 11:52:45,065 - INFO - å­˜å‚¨redisæˆåŠŸ
2023-11-14 11:52:58,525 - INFO - å­˜å‚¨redisæˆåŠŸ
2023-11-14 11:53:01,479 - INFO - å­˜å‚¨redisæˆåŠŸ
2023-11-14 11:53:02,049 - INFO - å­˜å‚¨redisæˆåŠŸ
2023-11-14 11:53:03,424 - INFO - å­˜å‚¨redisæˆåŠŸ
2023-11-14 11:53:05,819 - INFO - å­˜å‚¨redisæˆåŠŸ
2023-11-14 11:53:07,206 - INFO - å­˜å‚¨redisæˆåŠŸ
2023-11-14 11:53:11,091 - INFO - å­˜å‚¨redisæˆåŠŸ
2023-11-14 11:53:11,739 - INFO - å­˜å‚¨redisæˆåŠŸ
2023-11-14 11:53:12,086 - INFO - å­˜å‚¨redisæˆåŠŸ
2023-11-14 11:53:16,160 - INFO - å­˜å‚¨redisæˆåŠŸ
2023-11-14 11:53:20,656 - INFO - å­˜å‚¨redisæˆåŠŸ
2023-11-14 11:53:22,174 - INFO - å­˜å‚¨redisæˆåŠŸ
2023-11-14 11:53:26,838 - INFO - å­˜å‚¨redisæˆåŠŸ
2023-11-14 11:53:28,212 - INFO - å­˜å‚¨redisæˆåŠŸ
2023-11-14 11:53:34,122 - INFO - å­˜å‚¨redisæˆåŠŸ
2023-11-14 11:53:37,735 - INFO - å­˜å‚¨redisæˆåŠŸ
2023-11-14 11:53:39,496 - INFO - å­˜å‚¨redisæˆåŠŸ
2023-11-14 11:53:46,796 - INFO - å­˜å‚¨redisæˆåŠŸ
2023-11-14 11:54:57,157 - INFO - å­˜å‚¨redisæˆåŠŸ
2023-11-14 12:43:09,174 - INFO - 192.168.60.57 - - [14/Nov/2023 12:43:09] "GET /proxy/confirm/all/?url=https://www.rapid7.com/db/modules/exploit/windows/browser/ubisoft_uplay_cmd_exec/ HTTP/1.1" 200 -
2023-11-14 12:46:14,106 - INFO - 192.168.60.57 - - [14/Nov/2023 12:46:14] "GET /proxy/confirm/all/?url=https://www.rapid7.com/db/modules/exploit/windows/browser/ubisoft_uplay_cmd_exec/ HTTP/1.1" 200 -
2023-11-14 12:54:22,218 - INFO - 192.168.60.57 - - [14/Nov/2023 12:54:22] "GET /proxy/confirm/all/?url=https://www.rapid7.com/db/modules/exploit/windows/browser/ubisoft_uplay_cmd_exec/ HTTP/1.1" 200 -
2023-11-14 12:54:45,999 - INFO - 192.168.60.57 - - [14/Nov/2023 12:54:45] "GET /proxy/confirm/all/?url=https://www.rapid7.com/db/modules/exploit/windows/browser/ubisoft_uplay_cmd_exec/ HTTP/1.1" 200 -
2023-11-14 12:55:45,513 - INFO - 192.168.60.57 - - [14/Nov/2023 12:55:45] "GET /proxy/confirm/all/?url=https://www.rapid7.com/db/modules/exploit/windows/browser/ubisoft_uplay_cmd_exec/ HTTP/1.1" 200 -
2023-11-14 14:11:08,916 - INFO - 192.168.60.57 - - [14/Nov/2023 14:11:08] "GET /proxy/confirm/all/?url=https://www.security-database.com/detail.php?alert=CVE-2023-5544 HTTP/1.1" 200 -
2023-11-14 14:14:43,724 - INFO - 192.168.60.57 - - [14/Nov/2023 14:14:43] "GET /proxy/confirm/all/?url=https://www.security-database.com/detail.php?alert=CVE-2023-5544 HTTP/1.1" 200 -
2023-11-14 14:51:18,730 - INFO - 192.168.60.57 - - [14/Nov/2023 14:51:18] "GET /proxy/confirm/all/?url=https://www.rapid7.com/db/modules/exploit/windows/browser/ubisoft_uplay_cmd_exec/ HTTP/1.1" 200 -
2023-11-14 14:52:19,482 - INFO - 192.168.60.57 - - [14/Nov/2023 14:52:19] "GET /proxy/confirm/all/?url=https://www.rapid7.com/db/modules/exploit/windows/browser/ubisoft_uplay_cmd_exec/ HTTP/1.1" 200 -
2023-11-14 14:52:57,879 - INFO - 192.168.60.57 - - [14/Nov/2023 14:52:57] "GET /proxy/confirm/all/?url=https://www.rapid7.com/db/modules/exploit/windows/browser/ubisoft_uplay_cmd_exec/ HTTP/1.1" 200 -
2023-11-14 14:53:24,445 - INFO - 192.168.60.57 - - [14/Nov/2023 14:53:24] "GET /proxy/confirm/all/?url=https://www.rapid7.com/db/modules/exploit/windows/browser/ubisoft_uplay_cmd_exec/ HTTP/1.1" 200 -
2023-11-14 14:54:00,385 - INFO - 192.168.60.57 - - [14/Nov/2023 14:54:00] "GET /proxy/confirm/all/?url=https://www.rapid7.com/db/modules/exploit/windows/browser/ubisoft_uplay_cmd_exec/ HTTP/1.1" 200 -
2023-11-14 14:54:39,199 - INFO - 192.168.60.57 - - [14/Nov/2023 14:54:39] "GET /proxy/confirm/all/?url=https://www.rapid7.com/db/modules/exploit/windows/browser/ubisoft_uplay_cmd_exec/ HTTP/1.1" 200 -
2023-11-14 14:55:19,362 - INFO - 192.168.60.57 - - [14/Nov/2023 14:55:19] "GET /proxy/confirm/all/?url=https://www.rapid7.com/db/modules/exploit/windows/browser/ubisoft_uplay_cmd_exec/ HTTP/1.1" 200 -
2023-11-14 14:55:56,178 - INFO - 192.168.60.57 - - [14/Nov/2023 14:55:56] "GET /proxy/confirm/all/?url=https://www.rapid7.com/db/modules/exploit/windows/browser/ubisoft_uplay_cmd_exec/ HTTP/1.1" 200 -
2023-11-14 15:00:12,731 - INFO - 192.168.60.57 - - [14/Nov/2023 15:00:12] "GET /proxy/confirm/all/?url=https://www.rapid7.com/db/modules/exploit/windows/browser/ubisoft_uplay_cmd_exec/ HTTP/1.1" 200 -
2023-11-14 15:56:58,532 - INFO - 192.168.60.57 - - [14/Nov/2023 15:56:58] "GET /proxy/confirm/all/?url=https://www.rapid7.com/db/modules/exploit/windows/browser/ubisoft_uplay_cmd_exec/ HTTP/1.1" 200 -
2023-11-14 16:17:03,132 - INFO - 192.168.60.57 - - [14/Nov/2023 16:17:03] "GET /proxy/confirm/all/?url=https://www.security-database.com/detail.php?alert=CVE-2023-5544 HTTP/1.1" 200 -
2023-11-14 16:38:26,882 - INFO - 192.168.60.57 - - [14/Nov/2023 16:38:26] "GET /proxy/confirm/all/?url=https://www.rapid7.com/db/modules/exploit/windows/browser/ubisoft_uplay_cmd_exec/ HTTP/1.1" 200 -
2023-11-14 18:15:55,240 - INFO - 192.168.60.57 - - [14/Nov/2023 18:15:55] "GET /proxy/confirm/all/?url=https://www.security-database.com/detail.php?alert=CVE-2023-5544 HTTP/1.1" 200 -
2023-11-14 18:16:35,262 - INFO - 192.168.60.57 - - [14/Nov/2023 18:16:35] "GET /proxy/confirm/all/?url=https://www.security-database.com/detail.php?alert=CVE-2023-5544 HTTP/1.1" 200 -
